This file contains any messages produced by compilers while
running configure, to aid debugging if configure makes a mistake.

It was created by sap configure 1.1.3, which was
generated by GNU Autoconf 2.63.  Invocation command line was

  $ ./configure --no-create --no-recursion

## --------- ##
## Platform. ##
## --------- ##

hostname = koeln
uname -m = x86_64
uname -r = 2.6.31.14-0.8-desktop
uname -s = Linux
uname -v = #1 SMP PREEMPT 2011-04-06 18:09:24 +0200

/usr/bin/uname -p = unknown
/bin/uname -X     = unknown

/bin/arch              = x86_64
/usr/bin/arch -k       = unknown
/usr/convex/getsysinfo = unknown
/usr/bin/hostinfo      = unknown
/bin/machine           = unknown
/usr/bin/oslevel       = unknown
/bin/universe          = unknown

PATH: /usr/lib64/mpi/gcc/openmpi/bin
PATH: /home/jkleinj/bin
PATH: /usr/local/bin
PATH: /usr/bin
PATH: /bin
PATH: /usr/X11R6/bin
PATH: /usr/bin/X11
PATH: /usr/games
PATH: /usr/lib/mit/bin
PATH: /usr/lib/mit/sbin
PATH: /usr/local/bin
PATH: /usr/local/gcc3/bin
PATH: /usr/bin
PATH: /usr/X11R6/bin
PATH: /mb/share/bin
PATH: /opt/pbs/bin
PATH: /home/jkleinj/bin
PATH: .
PATH: /usr/local/bin
PATH: /usr/local/gcc3/bin
PATH: /usr/bin
PATH: /usr/X11R6/bin
PATH: /mb/share/bin
PATH: /opt/pbs/bin
PATH: /home/jkleinj/bin
PATH: .


## ----------- ##
## Core tests. ##
## ----------- ##

configure:1878: checking for a BSD-compatible install
configure:1946: result: /usr/bin/install -c
configure:1957: checking whether build environment is sane
configure:2000: result: yes
configure:2025: checking for a thread-safe mkdir -p
configure:2064: result: /bin/mkdir -p
configure:2077: checking for gawk
configure:2093: found /usr/bin/gawk
configure:2104: result: gawk
configure:2115: checking whether make sets $(MAKE)
configure:2137: result: yes
configure:2374: checking for gcc
configure:2390: found /usr/bin/gcc
configure:2401: result: gcc
configure:2633: checking for C compiler version
configure:2641: gcc --version >&5
gcc (SUSE Linux) 4.4.1 [gcc-4_4-branch revision 150839]
Copyright (C) 2009 Free Software Foundation, Inc.
This is free software; see the source for copying conditions.  There is NO
warranty; not even for MERCHANTABILITY or FITNESS FOR A PARTICULAR PURPOSE.

configure:2645: $? = 0
configure:2652: gcc -v >&5
Using built-in specs.
Target: x86_64-suse-linux
Configured with: ../configure --prefix=/usr --infodir=/usr/share/info --mandir=/usr/share/man --libdir=/usr/lib64 --libexecdir=/usr/lib64 --enable-languages=c,c++,objc,fortran,obj-c++,java,ada --enable-checking=release --with-gxx-include-dir=/usr/include/c++/4.4 --enable-ssp --disable-libssp --with-bugurl=http://bugs.opensuse.org/ --with-pkgversion='SUSE Linux' --disable-libgcj --disable-libmudflap --with-slibdir=/lib64 --with-system-zlib --enable-__cxa_atexit --enable-libstdcxx-allocator=new --disable-libstdcxx-pch --enable-version-specific-runtime-libs --program-suffix=-4.4 --enable-linux-futex --without-system-libunwind --with-arch-32=i586 --with-tune=generic --build=x86_64-suse-linux
Thread model: posix
gcc version 4.4.1 [gcc-4_4-branch revision 150839] (SUSE Linux) 
configure:2656: $? = 0
configure:2663: gcc -V >&5
gcc: '-V' option must have argument
configure:2667: $? = 1
configure:2690: checking for C compiler default output file name
configure:2712: gcc    conftest.c  >&5
configure:2716: $? = 0
configure:2754: result: a.out
configure:2773: checking whether the C compiler works
configure:2783: ./a.out
configure:2787: $? = 0
configure:2806: result: yes
configure:2813: checking whether we are cross compiling
configure:2815: result: no
configure:2818: checking for suffix of executables
configure:2825: gcc -o conftest    conftest.c  >&5
configure:2829: $? = 0
configure:2855: result: 
configure:2861: checking for suffix of object files
configure:2887: gcc -c   conftest.c >&5
configure:2891: $? = 0
configure:2916: result: o
configure:2920: checking whether we are using the GNU C compiler
configure:2949: gcc -c   conftest.c >&5
configure:2956: $? = 0
configure:2973: result: yes
configure:2982: checking whether gcc accepts -g
configure:3012: gcc -c -g  conftest.c >&5
configure:3019: $? = 0
configure:3120: result: yes
configure:3137: checking for gcc option to accept ISO C89
configure:3211: gcc  -c -g -O2  conftest.c >&5
configure:3218: $? = 0
configure:3241: result: none needed
configure:3270: checking for style of include used by make
configure:3298: result: GNU
configure:3323: checking dependency style of gcc
configure:3414: result: gcc3
configure:3429: checking whether ln -s works
configure:3433: result: yes
configure:3444: checking for cos in -lm
configure:3479: gcc -o conftest -g -O2   conftest.c -lm   >&5
conftest.c:17: warning: conflicting types for built-in function 'cos'
configure:3486: $? = 0
configure:3507: result: yes
configure:3525: checking how to run the C preprocessor
configure:3565: gcc -E  conftest.c
configure:3572: $? = 0
configure:3603: gcc -E  conftest.c
conftest.c:11:28: error: ac_nonexistent.h: No such file or directory
configure:3610: $? = 1
configure: failed program was:
| /* confdefs.h.  */
| #define PACKAGE_NAME "sap"
| #define PACKAGE_TARNAME "sap"
| #define PACKAGE_VERSION "1.1.3"
| #define PACKAGE_STRING "sap 1.1.3"
| #define PACKAGE_BUGREPORT "jkleinj@gmail.com"
| #define PACKAGE "sap"
| #define VERSION "1.1.3"
| #define HAVE_LIBM 1
| /* end confdefs.h.  */
| #include <ac_nonexistent.h>
configure:3643: result: gcc -E
configure:3672: gcc -E  conftest.c
configure:3679: $? = 0
configure:3710: gcc -E  conftest.c
conftest.c:11:28: error: ac_nonexistent.h: No such file or directory
configure:3717: $? = 1
configure: failed program was:
| /* confdefs.h.  */
| #define PACKAGE_NAME "sap"
| #define PACKAGE_TARNAME "sap"
| #define PACKAGE_VERSION "1.1.3"
| #define PACKAGE_STRING "sap 1.1.3"
| #define PACKAGE_BUGREPORT "jkleinj@gmail.com"
| #define PACKAGE "sap"
| #define VERSION "1.1.3"
| #define HAVE_LIBM 1
| /* end confdefs.h.  */
| #include <ac_nonexistent.h>
configure:3757: checking for grep that handles long lines and -e
configure:3817: result: /usr/bin/grep
configure:3822: checking for egrep
configure:3886: result: /usr/bin/grep -E
configure:3891: checking for ANSI C header files
configure:3921: gcc -c -g -O2  conftest.c >&5
configure:3928: $? = 0
configure:4027: gcc -o conftest -g -O2   conftest.c -lm  >&5
configure:4031: $? = 0
configure:4037: ./conftest
configure:4041: $? = 0
configure:4059: result: yes
configure:4083: checking for sys/types.h
configure:4104: gcc -c -g -O2  conftest.c >&5
configure:4111: $? = 0
configure:4128: result: yes
configure:4083: checking for sys/stat.h
configure:4104: gcc -c -g -O2  conftest.c >&5
configure:4111: $? = 0
configure:4128: result: yes
configure:4083: checking for stdlib.h
configure:4104: gcc -c -g -O2  conftest.c >&5
configure:4111: $? = 0
configure:4128: result: yes
configure:4083: checking for string.h
configure:4104: gcc -c -g -O2  conftest.c >&5
configure:4111: $? = 0
configure:4128: result: yes
configure:4083: checking for memory.h
configure:4104: gcc -c -g -O2  conftest.c >&5
configure:4111: $? = 0
configure:4128: result: yes
configure:4083: checking for strings.h
configure:4104: gcc -c -g -O2  conftest.c >&5
configure:4111: $? = 0
configure:4128: result: yes
configure:4083: checking for inttypes.h
configure:4104: gcc -c -g -O2  conftest.c >&5
configure:4111: $? = 0
configure:4128: result: yes
configure:4083: checking for stdint.h
configure:4104: gcc -c -g -O2  conftest.c >&5
configure:4111: $? = 0
configure:4128: result: yes
configure:4083: checking for unistd.h
configure:4104: gcc -c -g -O2  conftest.c >&5
configure:4111: $? = 0
configure:4128: result: yes
configure:4160: checking float.h usability
configure:4177: gcc -c -g -O2  conftest.c >&5
configure:4184: $? = 0
configure:4198: result: yes
configure:4202: checking float.h presence
configure:4217: gcc -E  conftest.c
configure:4224: $? = 0
configure:4238: result: yes
configure:4271: checking for float.h
configure:4280: result: yes
configure:4149: checking for stdlib.h
configure:4156: result: yes
configure:4149: checking for string.h
configure:4156: result: yes
configure:4297: checking for size_t
configure:4325: gcc -c -g -O2  conftest.c >&5
configure:4332: $? = 0
configure:4359: gcc -c -g -O2  conftest.c >&5
conftest.c: In function 'main':
conftest.c:60: error: expected expression before ')' token
configure:4366: $? = 1
configure: failed program was:
| /* confdefs.h.  */
| #define PACKAGE_NAME "sap"
| #define PACKAGE_TARNAME "sap"
| #define PACKAGE_VERSION "1.1.3"
| #define PACKAGE_STRING "sap 1.1.3"
| #define PACKAGE_BUGREPORT "jkleinj@gmail.com"
| #define PACKAGE "sap"
| #define VERSION "1.1.3"
| #define HAVE_LIBM 1
| #define STDC_HEADERS 1
| #define HAVE_SYS_TYPES_H 1
| #define HAVE_SYS_STAT_H 1
| #define HAVE_STDLIB_H 1
| #define HAVE_STRING_H 1
| #define HAVE_MEMORY_H 1
| #define HAVE_STRINGS_H 1
| #define HAVE_INTTYPES_H 1
| #define HAVE_STDINT_H 1
| #define HAVE_UNISTD_H 1
| #define HAVE_FLOAT_H 1
| #define HAVE_STDLIB_H 1
| #define HAVE_STRING_H 1
| /* end confdefs.h.  */
| #include <stdio.h>
| #ifdef HAVE_SYS_TYPES_H
| # include <sys/types.h>
| #endif
| #ifdef HAVE_SYS_STAT_H
| # include <sys/stat.h>
| #endif
| #ifdef STDC_HEADERS
| # include <stdlib.h>
| # include <stddef.h>
| #else
| # ifdef HAVE_STDLIB_H
| #  include <stdlib.h>
| # endif
| #endif
| #ifdef HAVE_STRING_H
| # if !defined STDC_HEADERS && defined HAVE_MEMORY_H
| #  include <memory.h>
| # endif
| # include <string.h>
| #endif
| #ifdef HAVE_STRINGS_H
| # include <strings.h>
| #endif
| #ifdef HAVE_INTTYPES_H
| # include <inttypes.h>
| #endif
| #ifdef HAVE_STDINT_H
| # include <stdint.h>
| #endif
| #ifdef HAVE_UNISTD_H
| # include <unistd.h>
| #endif
| int
| main ()
| {
| if (sizeof ((size_t)))
| 	  return 0;
|   ;
|   return 0;
| }
configure:4389: result: yes
configure:4408: checking for stdlib.h
configure:4415: result: yes
configure:4554: checking for GNU libc compatible malloc
configure:4588: gcc -o conftest -g -O2   conftest.c -lm  >&5
configure:4592: $? = 0
configure:4598: ./conftest
configure:4602: $? = 0
configure:4619: result: yes
configure:4652: checking for stdlib.h
configure:4659: result: yes
configure:4798: checking for GNU libc compatible realloc
configure:4832: gcc -o conftest -g -O2   conftest.c -lm  >&5
configure:4836: $? = 0
configure:4842: ./conftest
configure:4846: $? = 0
configure:4863: result: yes
configure:4896: checking for pow
configure:4952: gcc -o conftest -g -O2   conftest.c -lm  >&5
conftest.c:51: warning: conflicting types for built-in function 'pow'
configure:4959: $? = 0
configure:4981: result: yes
configure:4896: checking for sqrt
configure:4952: gcc -o conftest -g -O2   conftest.c -lm  >&5
conftest.c:52: warning: conflicting types for built-in function 'sqrt'
configure:4959: $? = 0
configure:4981: result: yes
configure:5113: creating ./config.status

## ---------------- ##
## Cache variables. ##
## ---------------- ##

ac_cv_c_compiler_gnu=yes
ac_cv_env_CC_set=
ac_cv_env_CC_value=
ac_cv_env_CFLAGS_set=
ac_cv_env_CFLAGS_value=
ac_cv_env_CPPFLAGS_set=
ac_cv_env_CPPFLAGS_value=
ac_cv_env_CPP_set=
ac_cv_env_CPP_value=
ac_cv_env_LDFLAGS_set=
ac_cv_env_LDFLAGS_value=
ac_cv_env_LIBS_set=
ac_cv_env_LIBS_value=
ac_cv_env_build_alias_set=
ac_cv_env_build_alias_value=
ac_cv_env_host_alias_set=
ac_cv_env_host_alias_value=
ac_cv_env_target_alias_set=
ac_cv_env_target_alias_value=
ac_cv_func_malloc_0_nonnull=yes
ac_cv_func_pow=yes
ac_cv_func_realloc_0_nonnull=yes
ac_cv_func_sqrt=yes
ac_cv_header_float_h=yes
ac_cv_header_inttypes_h=yes
ac_cv_header_memory_h=yes
ac_cv_header_stdc=yes
ac_cv_header_stdint_h=yes
ac_cv_header_stdlib_h=yes
ac_cv_header_string_h=yes
ac_cv_header_strings_h=yes
ac_cv_header_sys_stat_h=yes
ac_cv_header_sys_types_h=yes
ac_cv_header_unistd_h=yes
ac_cv_lib_m_cos=yes
ac_cv_objext=o
ac_cv_path_EGREP='/usr/bin/grep -E'
ac_cv_path_GREP=/usr/bin/grep
ac_cv_path_install='/usr/bin/install -c'
ac_cv_path_mkdir=/bin/mkdir
ac_cv_prog_AWK=gawk
ac_cv_prog_CPP='gcc -E'
ac_cv_prog_ac_ct_CC=gcc
ac_cv_prog_cc_c89=
ac_cv_prog_cc_g=yes
ac_cv_prog_make_make_set=yes
ac_cv_type_size_t=yes
am_cv_CC_dependencies_compiler_type=gcc3

## ----------------- ##
## Output variables. ##
## ----------------- ##

ACLOCAL='${SHELL} /home/jkleinj/software/develop/SAP_GNU/missing --run aclocal-1.10'
AMDEPBACKSLASH='\'
AMDEP_FALSE='#'
AMDEP_TRUE=''
AMTAR='${SHELL} /home/jkleinj/software/develop/SAP_GNU/missing --run tar'
AUTOCONF='${SHELL} /home/jkleinj/software/develop/SAP_GNU/missing --run autoconf'
AUTOHEADER='${SHELL} /home/jkleinj/software/develop/SAP_GNU/missing --run autoheader'
AUTOMAKE='${SHELL} /home/jkleinj/software/develop/SAP_GNU/missing --run automake-1.10'
AWK='gawk'
CC='gcc'
CCDEPMODE='depmode=gcc3'
CFLAGS='-g -O2'
CPP='gcc -E'
CPPFLAGS=''
CYGPATH_W='echo'
DEFS='-DHAVE_CONFIG_H'
DEPDIR='.deps'
ECHO_C=''
ECHO_N='-n'
ECHO_T=''
EGREP='/usr/bin/grep -E'
EXEEXT=''
GREP='/usr/bin/grep'
INSTALL_DATA='${INSTALL} -m 644'
INSTALL_PROGRAM='${INSTALL}'
INSTALL_SCRIPT='${INSTALL}'
INSTALL_STRIP_PROGRAM='$(install_sh) -c -s'
INTI_CFLAGS=''
INTI_LIBS=''
LDFLAGS=''
LIBOBJS=''
LIBS='-lm '
LN_S='ln -s'
LTLIBOBJS=''
MAKEINFO='${SHELL} /home/jkleinj/software/develop/SAP_GNU/missing --run makeinfo'
MKDIR_P='/bin/mkdir -p'
OBJEXT='o'
PACKAGE='sap'
PACKAGE_BUGREPORT='jkleinj@gmail.com'
PACKAGE_NAME='sap'
PACKAGE_STRING='sap 1.1.3'
PACKAGE_TARNAME='sap'
PACKAGE_VERSION='1.1.3'
PATH_SEPARATOR=':'
SET_MAKE=''
SHELL='/bin/sh'
STRIP=''
VERSION='1.1.3'
ac_ct_CC='gcc'
am__fastdepCC_FALSE='#'
am__fastdepCC_TRUE=''
am__include='include'
am__isrc=''
am__leading_dot='.'
am__quote=''
am__tar='${AMTAR} chof - "$$tardir"'
am__untar='${AMTAR} xf -'
bindir='${exec_prefix}/bin'
build_alias=''
datadir='${datarootdir}'
datarootdir='${prefix}/share'
docdir='${datarootdir}/doc/${PACKAGE_TARNAME}'
dvidir='${docdir}'
exec_prefix='${prefix}'
host_alias=''
htmldir='${docdir}'
includedir='${prefix}/include'
infodir='${datarootdir}/info'
install_sh='$(SHELL) /home/jkleinj/software/develop/SAP_GNU/install-sh'
libdir='${exec_prefix}/lib'
libexecdir='${exec_prefix}/libexec'
localedir='${datarootdir}/locale'
localstatedir='${prefix}/var'
mandir='${datarootdir}/man'
mkdir_p='/bin/mkdir -p'
oldincludedir='/usr/include'
pdfdir='${docdir}'
prefix='/usr/local'
program_transform_name='s,x,x,'
psdir='${docdir}'
sbindir='${exec_prefix}/sbin'
sharedstatedir='${prefix}/com'
sysconfdir='${prefix}/etc'
target_alias=''

## ----------- ##
## confdefs.h. ##
## ----------- ##

#define PACKAGE_NAME "sap"
#define PACKAGE_TARNAME "sap"
#define PACKAGE_VERSION "1.1.3"
#define PACKAGE_STRING "sap 1.1.3"
#define PACKAGE_BUGREPORT "jkleinj@gmail.com"
#define PACKAGE "sap"
#define VERSION "1.1.3"
#define HAVE_LIBM 1
#define STDC_HEADERS 1
#define HAVE_SYS_TYPES_H 1
#define HAVE_SYS_STAT_H 1
#define HAVE_STDLIB_H 1
#define HAVE_STRING_H 1
#define HAVE_MEMORY_H 1
#define HAVE_STRINGS_H 1
#define HAVE_INTTYPES_H 1
#define HAVE_STDINT_H 1
#define HAVE_UNISTD_H 1
#define HAVE_FLOAT_H 1
#define HAVE_STDLIB_H 1
#define HAVE_STRING_H 1
#define HAVE_STDLIB_H 1
#define HAVE_MALLOC 1
#define HAVE_STDLIB_H 1
#define HAVE_REALLOC 1
#define HAVE_POW 1
#define HAVE_SQRT 1

configure: exit 0

## ---------------------- ##
## Running config.status. ##
## ---------------------- ##

This file was extended by sap config.status 1.1.3, which was
generated by GNU Autoconf 2.63.  Invocation command line was

  CONFIG_FILES    = 
  CONFIG_HEADERS  = 
  CONFIG_LINKS    = 
  CONFIG_COMMANDS = 
  $ ./config.status 

on koeln

config.status:784: creating Makefile
config.status:784: creating src/Makefile
config.status:784: creating tests/Makefile
config.status:784: creating src/config.h
config.status:1058: executing depfiles commands

## ---------------------- ##
## Running config.status. ##
## ---------------------- ##

This file was extended by sap config.status 1.1.3, which was
generated by GNU Autoconf 2.63.  Invocation command line was

  CONFIG_FILES    = 
  CONFIG_HEADERS  = 
  CONFIG_LINKS    = 
  CONFIG_COMMANDS = 
  $ ./config.status src/config.h

on koeln

config.status:784: creating src/config.h
config.status:1006: src/config.h is unchanged
